<?xml version="1.0" encoding="UTF-8"?>
<testng-results ignored="0" total="1" passed="1" failed="0" skipped="0">
  <reporter-output>
  </reporter-output>
  <suite started-at="2024-07-05T16:53:52Z" name="Suite" finished-at="2024-07-05T16:54:27Z" duration-ms="35242">
    <groups>
    </groups>
    <test started-at="2024-07-05T16:53:52Z" name="Test" finished-at="2024-07-05T16:54:27Z" duration-ms="35242">
      <class name="com.learnautomation.testcases.LoginTestCRM">
        <test-method is-config="true" signature="setUpSuite()[pri:0, instance:com.learnautomation.testcases.LoginTestCRM@225129c]" started-at="2024-07-05T16:53:51Z" name="setUpSuite" finished-at="2024-07-05T16:53:52Z" duration-ms="1533" status="PASS">
          <reporter-output>
          </reporter-output>
        </test-method> <!-- setUpSuite -->
        <test-method is-config="true" signature="setup()[pri:0, instance:com.learnautomation.testcases.LoginTestCRM@225129c]" started-at="2024-07-05T16:53:52Z" name="setup" finished-at="2024-07-05T16:54:06Z" duration-ms="13603" status="PASS">
          <reporter-output>
          </reporter-output>
        </test-method> <!-- setup -->
        <test-method signature="loginApp()[pri:0, instance:com.learnautomation.testcases.LoginTestCRM@225129c]" started-at="2024-07-05T16:54:06Z" name="loginApp" finished-at="2024-07-05T16:54:09Z" duration-ms="2961" status="PASS">
          <reporter-output>
          </reporter-output>
        </test-method> <!-- loginApp -->
        <test-method is-config="true" signature="tearDownMethod(org.testng.ITestResult)[pri:0, instance:com.learnautomation.testcases.LoginTestCRM@225129c]" started-at="2024-07-05T16:54:09Z" name="tearDownMethod" finished-at="2024-07-05T16:54:27Z" duration-ms="17803" status="PASS">
          <params>
            <param index="0">
              <value>
                <![CDATA[[TestResult name=loginApp status=SUCCESS method=LoginTestCRM.loginApp()[pri:0, instance:com.learnautomation.testcases.LoginTestCRM@225129c] output={null}]]]>
              </value>
            </param>
          </params>
          <reporter-output>
          </reporter-output>
        </test-method> <!-- tearDownMethod -->
        <test-method is-config="true" signature="tearDown()[pri:0, instance:com.learnautomation.testcases.LoginTestCRM@225129c]" started-at="2024-07-05T16:54:27Z" name="tearDown" finished-at="2024-07-05T16:54:27Z" duration-ms="814" status="PASS">
          <reporter-output>
          </reporter-output>
        </test-method> <!-- tearDown -->
      </class> <!-- com.learnautomation.testcases.LoginTestCRM -->
    </test> <!-- Test -->
  </suite> <!-- Suite -->
</testng-results>
