<?xml version="1.0" encoding="UTF-8"?>
<testng-results ignored="0" total="1" passed="1" failed="0" skipped="0">
  <reporter-output>
  </reporter-output>
  <suite started-at="2024-07-05T16:30:26Z" name="Suite" finished-at="2024-07-05T16:31:00Z" duration-ms="33896">
    <groups>
    </groups>
    <test started-at="2024-07-05T16:30:26Z" name="Test" finished-at="2024-07-05T16:31:00Z" duration-ms="33896">
      <class name="com.learnautomation.testcases.LoginTestCRM">
        <test-method is-config="true" signature="setUpSuite()[pri:0, instance:com.learnautomation.testcases.LoginTestCRM@9573584]" started-at="2024-07-05T16:30:25Z" name="setUpSuite" finished-at="2024-07-05T16:30:26Z" duration-ms="1705" status="PASS">
          <reporter-output>
          </reporter-output>
        </test-method> <!-- setUpSuite -->
        <test-method is-config="true" signature="setup()[pri:0, instance:com.learnautomation.testcases.LoginTestCRM@9573584]" started-at="2024-07-05T16:30:26Z" name="setup" finished-at="2024-07-05T16:30:37Z" duration-ms="11071" status="PASS">
          <reporter-output>
          </reporter-output>
        </test-method> <!-- setup -->
        <test-method signature="loginApp()[pri:0, instance:com.learnautomation.testcases.LoginTestCRM@9573584]" started-at="2024-07-05T16:30:37Z" name="loginApp" finished-at="2024-07-05T16:30:40Z" duration-ms="2977" status="PASS">
          <reporter-output>
          </reporter-output>
        </test-method> <!-- loginApp -->
        <test-method is-config="true" signature="tearDownMethod(org.testng.ITestResult)[pri:0, instance:com.learnautomation.testcases.LoginTestCRM@9573584]" started-at="2024-07-05T16:30:40Z" name="tearDownMethod" finished-at="2024-07-05T16:30:59Z" duration-ms="18181" status="PASS">
          <params>
            <param index="0">
              <value>
                <![CDATA[[TestResult name=loginApp status=SUCCESS method=LoginTestCRM.loginApp()[pri:0, instance:com.learnautomation.testcases.LoginTestCRM@9573584] output={null}]]]>
              </value>
            </param>
          </params>
          <reporter-output>
          </reporter-output>
        </test-method> <!-- tearDownMethod -->
        <test-method is-config="true" signature="tearDown()[pri:0, instance:com.learnautomation.testcases.LoginTestCRM@9573584]" started-at="2024-07-05T16:30:59Z" name="tearDown" finished-at="2024-07-05T16:31:00Z" duration-ms="1620" status="PASS">
          <reporter-output>
          </reporter-output>
        </test-method> <!-- tearDown -->
      </class> <!-- com.learnautomation.testcases.LoginTestCRM -->
    </test> <!-- Test -->
  </suite> <!-- Suite -->
</testng-results>
